<?xml version="1.0" encoding="UTF-8"?>
<Site BuildName="Linux-g++"
	BuildStamp="20231222-0915-Experimental"
	Name="iZ6mwooyw1em3lZ"
	Generator="ctest-3.22.1"
	CompilerName="/usr/bin/g++"
	CompilerVersion="11.4.0"
	OSName="Linux"
	Hostname="iZ6mwooyw1em3lZ"
	OSRelease="5.15.0-86-generic"
	OSVersion="#96-Ubuntu SMP Wed Sep 20 08:23:49 UTC 2023"
	OSPlatform="x86_64"
	Is64Bits="1"
	VendorString="GenuineIntel"
	VendorID="Intel Corporation"
	FamilyID="6"
	ModelID="85"
	ProcessorCacheSize="36608"
	NumberOfLogicalCPU="2"
	NumberOfPhysicalCPU="1"
	TotalVirtualMemory="0"
	TotalPhysicalMemory="1771"
	LogicalProcessorsPerPhysical="2"
	ProcessorClockFrequency="2500"
	>
	<Testing>
		<StartDateTime>Dec 22 17:16 CST</StartDateTime>
		<StartTestTime>1703236565</StartTestTime>
		<TestList/>
		<EndDateTime>Dec 22 17:16 CST</EndDateTime>
		<EndTestTime>1703236565</EndTestTime>
		<ElapsedMinutes>0</ElapsedMinutes>
	</Testing>
</Site>
